
* 차주 Opencv 단원 정리

     : 5장
          -> 서병선

     : 6장
          -> 최민기

     : 7장
          -> 봉성주


1장

     : Open 프로젝트 구성

     : 여러 언어와 시스템간 연결이 된다.

     : 컴퓨터 비전 기반 구조를 제공 한다.
          -> 이게 목적이다.

     : 보편적 용도의 기계 학습 라이브러리와 함께 사용되는 경우가 많다.
          -> MLL : 통계적 패턴 인식, 군집화

     : 사용처
          -> 구글 street view  ( 이미지 이어 붙이기 및 보정 )
          -> 의학 및 안전 분야에서도 사용 된다.

          -> 머신 비전은 제조업과 연결 되기도 한다.
               : DVR , CCTV 인식
               : 홍체인식, 안면 인식

     : 야후 포럼이 가장 크다.

     : 역사 ( 추후 정리 )
          99 Alpha -> 2007 1.0 

     : 컴퓨터 비전이란?
          -> 카메라, 캠코더에서 입력된 데이터를 이용하여 상황을 판단 하는 것!!

          -> 종양 판단 이나, 거리 측정 등…

          -> 카메라가 인식 하는 사물은 byte code 로 인식 된다.
          -> 2차원 투영은 시점에 따라 크게 바뀌므로 더욱더 인식이 힘들다.

          -> 모니터링 시스템, 공항 입출국 감시 시스템 등...

     : OpenCV 와 IPP
          -> IPP 와 궁합이 좋다.

     : OPen CV 구조
          -> CV             : 영상 처리, 비전 알고리즘
          -> MLL           : 통계적 분류
          -> HighGUI     : GUI, 영상/ 비디오 입출력
          
2장

     : CV 에 대한 샘플 코드

     : Trackbar = Slider

     : cvSetCaptureProperty 와 같은 capture 에 대한 함수는 ThreadSafe 하도록 설계 되어 있는것 같다?

     : Higui 는 테스트할때 쓰고, 더 좋은 UI 툴로 만들어라!!!

3장

     : C++ 은 백터가 없어서 행렬로 다뤄야 하며  cxtype.h 에 정의되어 있다.

     : CvArr > CvMat > IplImage 
          -> IplImage 가 최종 형태로 모든 정보를 상속 받은 구조이므로, 대부분 이 것을 사용한다.

     : 


4장

     : HIgui 는 간단한 그래픽 라이브러리 이므로, 쓸때마다 참조 하시오.


